<?xml version="1.0" encoding="UTF-8"?>
<robot generator="Robot 4.0 (Python 3.8.3 on win32)" generated="20210417 11:31:51.298" rpa="false" schemaversion="2">
<suite id="s1" name="WorkingWithFrames" source="C:\Users\Vladimir\Downloads\robotFramework\tests\WorkingWithFrames.robot">
<test id="s1-t1" name="TC to demonstrate working with Frames in Robot FW">
<kw name="Open Browser" library="SeleniumLibrary">
<arg>https://www.w3schools.com/js/tryit.asp?filename=tryjs_alert</arg>
<arg>Chrome</arg>
<doc>Opens a new browser instance to the optional ``url``.</doc>
<msg timestamp="20210417 11:31:51.615" level="INFO">Opening browser 'Chrome' to base url 'https://www.w3schools.com/js/tryit.asp?filename=tryjs_alert'.</msg>
<status status="PASS" starttime="20210417 11:31:51.614" endtime="20210417 11:31:54.636"/>
</kw>
<kw name="Maximize Browser Window" library="SeleniumLibrary">
<doc>Maximizes current browser window.</doc>
<status status="PASS" starttime="20210417 11:31:54.636" endtime="20210417 11:31:54.756"/>
</kw>
<kw name="Select Frame" library="SeleniumLibrary">
<arg>id:iframeResult</arg>
<doc>Sets frame identified by ``locator`` as the current frame.</doc>
<msg timestamp="20210417 11:31:54.757" level="INFO">Selecting frame 'id:iframeResult'.</msg>
<status status="PASS" starttime="20210417 11:31:54.756" endtime="20210417 11:31:54.795"/>
</kw>
<kw name="Current Frame Should Contain" library="SeleniumLibrary">
<arg>JavaScript Alert</arg>
<doc>Verifies that the current frame contains ``text``.</doc>
<msg timestamp="20210417 11:31:54.810" level="INFO">Current frame contains text 'JavaScript Alert'.</msg>
<status status="PASS" starttime="20210417 11:31:54.796" endtime="20210417 11:31:54.811"/>
</kw>
<kw name="Current Frame Should Not Contain" library="SeleniumLibrary">
<arg>JavaScript oConfirm Two asdlbgjv</arg>
<doc>Verifies that the current frame does not contain ``text``.</doc>
<msg timestamp="20210417 11:31:54.825" level="INFO">Current frame did not contain text 'JavaScript oConfirm Two asdlbgjv'.</msg>
<status status="PASS" starttime="20210417 11:31:54.811" endtime="20210417 11:31:54.825"/>
</kw>
<kw name="Unselect Frame" library="SeleniumLibrary">
<doc>Sets the main frame as the current frame.</doc>
<status status="PASS" starttime="20210417 11:31:54.825" endtime="20210417 11:31:54.829"/>
</kw>
<kw name="Frame Should Contain" library="SeleniumLibrary">
<arg>id:iframeResult</arg>
<arg>JavaScript Alert</arg>
<doc>Verifies that frame identified by ``locator`` contains ``text``.</doc>
<msg timestamp="20210417 11:31:54.855" level="INFO">Searching for text from frame 'id:iframeResult'.</msg>
<msg timestamp="20210417 11:31:54.866" level="INFO">Frame 'id:iframeResult' contains text 'JavaScript Alert'.</msg>
<status status="PASS" starttime="20210417 11:31:54.829" endtime="20210417 11:31:54.866"/>
</kw>
<kw name="Close Browser" library="SeleniumLibrary">
<doc>Closes the current browser.</doc>
<status status="PASS" starttime="20210417 11:31:54.867" endtime="20210417 11:31:57.139"/>
</kw>
<doc>TC to demonstrate working with Frames in Robot FW</doc>
<status status="PASS" starttime="20210417 11:31:51.613" endtime="20210417 11:31:57.140"/>
</test>
<status status="PASS" starttime="20210417 11:31:51.303" endtime="20210417 11:31:57.142"/>
</suite>
<statistics>
<total>
<stat pass="1" fail="0" skip="0">All Tests</stat>
</total>
<tag>
</tag>
<suite>
<stat pass="1" fail="0" skip="0" id="s1" name="WorkingWithFrames">WorkingWithFrames</stat>
</suite>
</statistics>
<errors>
</errors>
</robot>
